<?xml version="1.0" encoding="UTF-8"?>
<!-- Generated by org.testng.reporters.JUnitReportReporter -->
<testsuite hostname="DESKTOP-6L02Q21" failures="0" tests="3" name="testscript.TestSample" time="25.861" errors="0" timestamp="2025-05-26T21:01:50 IST" skipped="0">
  <testcase classname="testscript.TestSample" name="display" time="7.217"/>
  <testcase classname="testscript.TestSample" name="show" time="8.398"/>
  <testcase classname="testscript.TestSample" name="add" time="10.246"/>
</testsuite> <!-- testscript.TestSample -->
