<?xml version="1.0" encoding="UTF-8"?>
<!-- Generated by org.testng.reporters.JUnitReportReporter -->
<testsuite hostname="DESKTOP-6L02Q21" failures="0" tests="2" name="testscript.Anotations" time="0.044" errors="0" timestamp="2025-06-02T20:24:50 IST" skipped="0">
  <testcase classname="testscript.Anotations" name="test2" time="0.019"/>
  <testcase classname="testscript.Anotations" name="test1" time="0.025"/>
</testsuite> <!-- testscript.Anotations -->
