<?xml version="1.0" encoding="UTF-8"?>
<!-- Generated by org.testng.reporters.JUnitReportReporter -->
<testsuite hostname="DESKTOP-6L02Q21" failures="0" tests="1" name="testscript.JavaScriptExecute" time="11.790" errors="0" timestamp="2025-06-08T10:49:22 IST" skipped="0">
  <testcase classname="testscript.JavaScriptExecute" name="scroll" time="11.790"/>
</testsuite> <!-- testscript.JavaScriptExecute -->
