<?xml version="1.0" encoding="UTF-8"?>
<!-- Generated by org.testng.reporters.JUnitReportReporter -->
<testsuite hostname="DESKTOP-6L02Q21" failures="0" tests="1" name="testscript.FileUpload" time="18.400" errors="0" timestamp="2025-05-27T21:13:05 IST" skipped="0">
  <testcase classname="testscript.FileUpload" name="fileUploadUsingRobotClass" time="18.400"/>
</testsuite> <!-- testscript.FileUpload -->
